Using pre-set license
Built from '2021.3/staging' branch; Version is '2021.3.1f1 (3b70a0754835) revision 3895456'; Using compiler version '192829333'; Build Type 'Release'
OS: 'Windows 10  (10.0.19044) 64bit Professional' Language: 'ko' Physical Memory: 32694 MB
BatchMode: 1, IsHumanControllingUs: 0, StartBugReporterOnCrash: 0, Is64bit: 1, IsPro: 1

COMMAND LINE ARGUMENTS:
C:\Program Files\Unity\Hub\Editor\2021.3.1f1\Editor\Unity.exe
-adb2
-batchMode
-noUpm
-name
AssetImportWorker0
-projectPath
C:/Users/ghfoo/OneDrive/Desktop/Atents_GitTest_TeamC
-logFile
Logs/AssetImportWorker0.log
-srvPort
60856
Successfully changed project path to: C:/Users/ghfoo/OneDrive/Desktop/Atents_GitTest_TeamC
C:/Users/ghfoo/OneDrive/Desktop/Atents_GitTest_TeamC
[UnityMemory] Configuration Parameters - Can be set up in boot.config
    "memorysetup-bucket-allocator-granularity=16"
    "memorysetup-bucket-allocator-bucket-count=8"
    "memorysetup-bucket-allocator-block-size=33554432"
    "memorysetup-bucket-allocator-block-count=8"
    "memorysetup-main-allocator-block-size=16777216"
    "memorysetup-thread-allocator-block-size=16777216"
    "memorysetup-gfx-main-allocator-block-size=16777216"
    "memorysetup-gfx-thread-allocator-block-size=16777216"
    "memorysetup-cache-allocator-block-size=4194304"
    "memorysetup-typetree-allocator-block-size=2097152"
    "memorysetup-profiler-bucket-allocator-granularity=16"
    "memorysetup-profiler-bucket-allocator-bucket-count=8"
    "memorysetup-profiler-bucket-allocator-block-size=33554432"
    "memorysetup-profiler-bucket-allocator-block-count=8"
    "memorysetup-profiler-allocator-block-size=16777216"
    "memorysetup-profiler-editor-allocator-block-size=1048576"
    "memorysetup-temp-allocator-size-main=16777216"
    "memorysetup-job-temp-allocator-block-size=2097152"
    "memorysetup-job-temp-allocator-block-size-background=1048576"
    "memorysetup-job-temp-allocator-reduction-small-platforms=262144"
    "memorysetup-temp-allocator-size-background-worker=32768"
    "memorysetup-temp-allocator-size-job-worker=262144"
    "memorysetup-temp-allocator-size-preload-manager=33554432"
    "memorysetup-temp-allocator-size-nav-mesh-worker=65536"
    "memorysetup-temp-allocator-size-audio-worker=65536"
    "memorysetup-temp-allocator-size-cloud-worker=32768"
    "memorysetup-temp-allocator-size-gi-baking-worker=262144"
    "memorysetup-temp-allocator-size-gfx=262144"
Refreshing native plugins compatible for Editor in 63.76 ms, found 3 plugins.
Preloading 0 native plugins for Editor in 0.00 ms.
Initialize engine version: 2021.3.1f1 (3b70a0754835)
[Subsystems] Discovering subsystems at path C:/Program Files/Unity/Hub/Editor/2021.3.1f1/Editor/Data/Resources/UnitySubsystems
[Subsystems] Discovering subsystems at path C:/Users/ghfoo/OneDrive/Desktop/Atents_GitTest_TeamC/Assets
GfxDevice: creating device client; threaded=0; jobified=0
Direct3D:
    Version:  Direct3D 11.0 [level 11.1]
    Renderer: NVIDIA GeForce RTX 3060 Ti (ID=0x2489)
    Vendor:   NVIDIA
    VRAM:     8050 MB
    Driver:   31.0.15.1694
Initialize mono
Mono path[0] = 'C:/Program Files/Unity/Hub/Editor/2021.3.1f1/Editor/Data/Managed'
Mono path[1] = 'C:/Program Files/Unity/Hub/Editor/2021.3.1f1/Editor/Data/MonoBleedingEdge/lib/mono/unityjit-win32'
Mono config path = 'C:/Program Files/Unity/Hub/Editor/2021.3.1f1/Editor/Data/MonoBleedingEdge/etc'
Using monoOptions --debugger-agent=transport=dt_socket,embedding=1,server=y,suspend=n,address=127.0.0.1:56636
Begin MonoManager ReloadAssembly
Registering precompiled unity dll's ...
Register platform support module: C:/Program Files/Unity/Hub/Editor/2021.3.1f1/Editor/Data/PlaybackEngines/WindowsStandaloneSupport/UnityEditor.WindowsStandalone.Extensions.dll
Registered in 0.007241 seconds.
Native extension for WindowsStandalone target not found
Refreshing native plugins compatible for Editor in 61.52 ms, found 3 plugins.
Preloading 0 native plugins for Editor in 0.00 ms.
Mono: successfully reloaded assembly
- Completed reload, in  0.489 seconds
Domain Reload Profiling:
	ReloadAssembly (490ms)
		BeginReloadAssembly (63ms)
			ExecutionOrderSort (0ms)
			DisableScriptedObjects (0ms)
			BackupInstance (0ms)
			ReleaseScriptingObjects (0ms)
			CreateAndSetChildDomain (1ms)
		EndReloadAssembly (331ms)
			LoadAssemblies (61ms)
			RebuildTransferFunctionScriptingTraits (0ms)
			SetupTypeCache (69ms)
			ReleaseScriptCaches (0ms)
			RebuildScriptCaches (22ms)
			SetupLoadedEditorAssemblies (201ms)
				LogAssemblyErrors (0ms)
				InitializePlatformSupportModulesInManaged (7ms)
				SetLoadedEditorAssemblies (0ms)
				RefreshPlugins (62ms)
				BeforeProcessingInitializeOnLoad (1ms)
				ProcessInitializeOnLoadAttributes (94ms)
				ProcessInitializeOnLoadMethodAttributes (37ms)
				AfterProcessingInitializeOnLoad (0ms)
				EditorAssembliesLoaded (0ms)
			ExecutionOrderSort2 (0ms)
			AwakeInstancesAfterBackupRestoration (0ms)
Platform modules already initialized, skipping
Registering precompiled user dll's ...
Registered in 0.005643 seconds.
Begin MonoManager ReloadAssembly
Symbol file LoadedFromMemory doesn't match image C:\Users\ghfoo\OneDrive\Desktop\Atents_GitTest_TeamC\Library\PackageCache\com.unity.visualscripting@1.7.6\Editor\VisualScripting.Core\Dependencies\YamlDotNet\Unity.VisualScripting.YamlDotNet.dll
Symbol file LoadedFromMemory is not a mono symbol file
Symbol file LoadedFromMemory doesn't match image C:\Users\ghfoo\OneDrive\Desktop\Atents_GitTest_TeamC\Library\PackageCache\com.unity.visualscripting@1.7.6\Editor\VisualScripting.Core\Dependencies\DotNetZip\Unity.VisualScripting.IonicZip.dll
Native extension for WindowsStandalone target not found
Refreshing native plugins compatible for Editor in 60.32 ms, found 3 plugins.
Preloading 0 native plugins for Editor in 0.00 ms.
Mono: successfully reloaded assembly
- Completed reload, in  0.912 seconds
Domain Reload Profiling:
	ReloadAssembly (913ms)
		BeginReloadAssembly (95ms)
			ExecutionOrderSort (0ms)
			DisableScriptedObjects (5ms)
			BackupInstance (0ms)
			ReleaseScriptingObjects (0ms)
			CreateAndSetChildDomain (16ms)
		EndReloadAssembly (732ms)
			LoadAssemblies (79ms)
			RebuildTransferFunctionScriptingTraits (0ms)
			SetupTypeCache (180ms)
			ReleaseScriptCaches (1ms)
			RebuildScriptCaches (47ms)
			SetupLoadedEditorAssemblies (392ms)
				LogAssemblyErrors (0ms)
				InitializePlatformSupportModulesInManaged (4ms)
				SetLoadedEditorAssemblies (0ms)
				RefreshPlugins (60ms)
				BeforeProcessingInitializeOnLoad (69ms)
				ProcessInitializeOnLoadAttributes (234ms)
				ProcessInitializeOnLoadMethodAttributes (16ms)
				AfterProcessingInitializeOnLoad (8ms)
				EditorAssembliesLoaded (0ms)
			ExecutionOrderSort2 (0ms)
			AwakeInstancesAfterBackupRestoration (8ms)
Platform modules already initialized, skipping
========================================================================
Worker process is ready to serve import requests
Launched and connected shader compiler UnityShaderCompiler.exe after 0.03 seconds
Refreshing native plugins compatible for Editor in 1.05 ms, found 3 plugins.
Preloading 0 native plugins for Editor in 0.00 ms.
Unloading 3788 Unused Serialized files (Serialized files now loaded: 0)
Unloading 39 unused Assets / (128.8 KB). Loaded Objects now: 4256.
Memory consumption went from 137.9 MB to 137.8 MB.
Total: 2.632900 ms (FindLiveObjects: 0.250300 ms CreateObjectMapping: 0.099200 ms MarkObjects: 2.210500 ms  DeleteObjects: 0.072400 ms)

AssetImportParameters requested are different than current active one (requested -> active):
  custom:video-decoder-ogg-theora: a1e56fd34408186e4bbccfd4996cb3dc -> 
  custom:container-muxer-webm: aa71ff27fc2769a1b78a27578f13a17b -> 
  custom:container-demuxer-webm: 4f35f7cbe854078d1ac9338744f61a02 -> 
  custom:video-encoder-webm-vp8: eb34c28f22e8b96e1ab97ce403110664 -> 
  custom:video-codec-MediaFoundation-h265: 746d11721c4dcdbdad8f713fa42b33f4 -> 
  custom:audio-encoder-webm-vorbis: bf7c407c2cedff20999df2af8eb42d56 -> 
  custom:framework-win-MediaFoundation: 216162199b28c13a410421893ffa2e32 -> 
  custom:container-demuxer-ogg: 62fdf1f143b41e24485cea50d1cbac27 -> 
  custom:video-decoder-webm-vp8: 9c59270c3fd7afecdb556c50c9e8de78 -> 
  custom:audio-decoder-ogg-vorbis: bf7c407c2cedff20999df2af8eb42d56 -> 
========================================================================
Received Import Request.
  Time since last request: 81114.659605 seconds.
  path: Assets/Prefabs/Prefab_Monster/Goblin_Quad.prefab
  artifactKey: Guid(dce3d3c445b839742959511b55c57757) Importer(815301076,1909f56bfc062723c751e8b465ee728b)
Start importing Assets/Prefabs/Prefab_Monster/Goblin_Quad.prefab using Guid(dce3d3c445b839742959511b55c57757) Importer(815301076,1909f56bfc062723c751e8b465ee728b)  -> (artifact id: '0a05a0cbdc57559f917497cf1474b1c7') in 0.089140 seconds 
========================================================================
Received Import Request.
  Time since last request: 5.559352 seconds.
  path: Assets/Prefabs/Prefab_Monster/Goblin_Quad.prefab
  artifactKey: Guid(dce3d3c445b839742959511b55c57757) Importer(815301076,1909f56bfc062723c751e8b465ee728b)
Start importing Assets/Prefabs/Prefab_Monster/Goblin_Quad.prefab using Guid(dce3d3c445b839742959511b55c57757) Importer(815301076,1909f56bfc062723c751e8b465ee728b)  -> (artifact id: '7fc51ceb8d77ae6468fbdc8089e1cfe0') in 0.008035 seconds 
========================================================================
Received Import Request.
  Time since last request: 3.523452 seconds.
  path: Assets/Prefabs/Prefab_Player/Player_WereWolf.prefab
  artifactKey: Guid(ad1d354d2f99f274f9ccdbaae893c690) Importer(815301076,1909f56bfc062723c751e8b465ee728b)
Start importing Assets/Prefabs/Prefab_Player/Player_WereWolf.prefab using Guid(ad1d354d2f99f274f9ccdbaae893c690) Importer(815301076,1909f56bfc062723c751e8b465ee728b)  -> (artifact id: '79030ca43bd6dbe123d45f35ed0d4652') in 0.115254 seconds 
========================================================================
Received Import Request.
  Time since last request: 0.989769 seconds.
  path: Assets/Prefabs/Prefab_Player/Player_WereWolf_Quad.prefab
  artifactKey: Guid(97500413aaf5d4e42b01b71e4eb7bec0) Importer(815301076,1909f56bfc062723c751e8b465ee728b)
Start importing Assets/Prefabs/Prefab_Player/Player_WereWolf_Quad.prefab using Guid(97500413aaf5d4e42b01b71e4eb7bec0) Importer(815301076,1909f56bfc062723c751e8b465ee728b)  -> (artifact id: 'b445a72cbdd5d811c05ad4217bc8b71f') in 0.009927 seconds 
========================================================================
Received Import Request.
  Time since last request: 6.287207 seconds.
  path: Assets/Prefabs/Prefab_Player/Player_WereWolf_Quad.prefab
  artifactKey: Guid(97500413aaf5d4e42b01b71e4eb7bec0) Importer(815301076,1909f56bfc062723c751e8b465ee728b)
Start importing Assets/Prefabs/Prefab_Player/Player_WereWolf_Quad.prefab using Guid(97500413aaf5d4e42b01b71e4eb7bec0) Importer(815301076,1909f56bfc062723c751e8b465ee728b)  -> (artifact id: '320a1dd3cfab4b327252aa477c29d19a') in 0.007416 seconds 
========================================================================
Received Import Request.
  Time since last request: 0.664736 seconds.
  path: Assets/Prefabs/Prefab_Player/Player_WereWolf.prefab
  artifactKey: Guid(ad1d354d2f99f274f9ccdbaae893c690) Importer(815301076,1909f56bfc062723c751e8b465ee728b)
Start importing Assets/Prefabs/Prefab_Player/Player_WereWolf.prefab using Guid(ad1d354d2f99f274f9ccdbaae893c690) Importer(815301076,1909f56bfc062723c751e8b465ee728b)  -> (artifact id: 'e9490e8abf978fc7c55c4cb16d243cdf') in 0.090799 seconds 
========================================================================
Received Import Request.
  Time since last request: 12.155950 seconds.
  path: Assets/Prefabs/Prefab_Tower/Tower_Goblin_Archer.prefab
  artifactKey: Guid(c5bf5d42cbf760d4fa6e040d604bf359) Importer(815301076,1909f56bfc062723c751e8b465ee728b)
Start importing Assets/Prefabs/Prefab_Tower/Tower_Goblin_Archer.prefab using Guid(c5bf5d42cbf760d4fa6e040d604bf359) Importer(815301076,1909f56bfc062723c751e8b465ee728b)  -> (artifact id: '2c3f3f2fb7517164c58e577c4eccf671') in 0.057874 seconds 
========================================================================
Received Import Request.
  Time since last request: 4.265673 seconds.
  path: Assets/Prefabs/Prefab_Tower/Tower_Goblin_Knife.prefab
  artifactKey: Guid(1caaae53b1da3cc46999ecf907eff001) Importer(815301076,1909f56bfc062723c751e8b465ee728b)
Start importing Assets/Prefabs/Prefab_Tower/Tower_Goblin_Knife.prefab using Guid(1caaae53b1da3cc46999ecf907eff001) Importer(815301076,1909f56bfc062723c751e8b465ee728b)  -> (artifact id: '2001a93451178257ad47dbf471306865') in 0.054036 seconds 
========================================================================
Received Prepare
Registering precompiled user dll's ...
Registered in 0.005799 seconds.
Begin MonoManager ReloadAssembly
Symbol file LoadedFromMemory doesn't match image C:\Users\ghfoo\OneDrive\Desktop\Atents_GitTest_TeamC\Library\PackageCache\com.unity.visualscripting@1.7.6\Editor\VisualScripting.Core\Dependencies\YamlDotNet\Unity.VisualScripting.YamlDotNet.dll
Symbol file LoadedFromMemory is not a mono symbol file
Symbol file LoadedFromMemory doesn't match image C:\Users\ghfoo\OneDrive\Desktop\Atents_GitTest_TeamC\Library\PackageCache\com.unity.visualscripting@1.7.6\Editor\VisualScripting.Core\Dependencies\DotNetZip\Unity.VisualScripting.IonicZip.dll
Native extension for WindowsStandalone target not found
Refreshing native plugins compatible for Editor in 0.88 ms, found 3 plugins.
Preloading 0 native plugins for Editor in 0.00 ms.
Mono: successfully reloaded assembly
- Completed reload, in  0.854 seconds
Domain Reload Profiling:
	ReloadAssembly (854ms)
		BeginReloadAssembly (124ms)
			ExecutionOrderSort (0ms)
			DisableScriptedObjects (4ms)
			BackupInstance (0ms)
			ReleaseScriptingObjects (0ms)
			CreateAndSetChildDomain (38ms)
		EndReloadAssembly (658ms)
			LoadAssemblies (80ms)
			RebuildTransferFunctionScriptingTraits (0ms)
			SetupTypeCache (189ms)
			ReleaseScriptCaches (1ms)
			RebuildScriptCaches (37ms)
			SetupLoadedEditorAssemblies (317ms)
				LogAssemblyErrors (0ms)
				InitializePlatformSupportModulesInManaged (11ms)
				SetLoadedEditorAssemblies (0ms)
				RefreshPlugins (1ms)
				BeforeProcessingInitializeOnLoad (58ms)
				ProcessInitializeOnLoadAttributes (219ms)
				ProcessInitializeOnLoadMethodAttributes (19ms)
				AfterProcessingInitializeOnLoad (10ms)
				EditorAssembliesLoaded (0ms)
			ExecutionOrderSort2 (0ms)
			AwakeInstancesAfterBackupRestoration (9ms)
Platform modules already initialized, skipping
Refreshing native plugins compatible for Editor in 3.01 ms, found 3 plugins.
Preloading 0 native plugins for Editor in 0.00 ms.
Unloading 3763 Unused Serialized files (Serialized files now loaded: 0)
Unloading 18 unused Assets / (95.5 KB). Loaded Objects now: 4279.
Memory consumption went from 152.8 MB to 152.7 MB.
Total: 2.718300 ms (FindLiveObjects: 0.280100 ms CreateObjectMapping: 0.082800 ms MarkObjects: 2.324300 ms  DeleteObjects: 0.030400 ms)

AssetImportParameters requested are different than current active one (requested -> active):
  custom:video-decoder-ogg-theora: a1e56fd34408186e4bbccfd4996cb3dc -> 
  custom:container-muxer-webm: aa71ff27fc2769a1b78a27578f13a17b -> 
  custom:container-demuxer-webm: 4f35f7cbe854078d1ac9338744f61a02 -> 
  custom:video-encoder-webm-vp8: eb34c28f22e8b96e1ab97ce403110664 -> 
  custom:video-codec-MediaFoundation-h265: 746d11721c4dcdbdad8f713fa42b33f4 -> 
  custom:audio-encoder-webm-vorbis: bf7c407c2cedff20999df2af8eb42d56 -> 
  custom:framework-win-MediaFoundation: 216162199b28c13a410421893ffa2e32 -> 
  custom:container-demuxer-ogg: 62fdf1f143b41e24485cea50d1cbac27 -> 
  custom:video-decoder-webm-vp8: 9c59270c3fd7afecdb556c50c9e8de78 -> 
  custom:audio-decoder-ogg-vorbis: bf7c407c2cedff20999df2af8eb42d56 -> 
========================================================================
Received Import Request.
  Time since last request: 45.763638 seconds.
  path: Assets/_ExternalAssets
  artifactKey: Guid(e89e73c8ff2113c4b99569ced58847cf) Importer(815301076,1909f56bfc062723c751e8b465ee728b)
Start importing Assets/_ExternalAssets using Guid(e89e73c8ff2113c4b99569ced58847cf) Importer(815301076,1909f56bfc062723c751e8b465ee728b)  -> (artifact id: 'f1fa3155b65d40ea7f5a633a7c184eab') in 0.010139 seconds 
========================================================================
Received Import Request.
  Time since last request: 5.959917 seconds.
  path: Assets/PlayerInput/Player_Wolf.inputactions
  artifactKey: Guid(b5b6f0b6e4babf1469856beb0914e1f8) Importer(815301076,1909f56bfc062723c751e8b465ee728b)
Start importing Assets/PlayerInput/Player_Wolf.inputactions using Guid(b5b6f0b6e4babf1469856beb0914e1f8) Importer(815301076,1909f56bfc062723c751e8b465ee728b)  -> (artifact id: '8ff5266695177a9a7e4f2448e0d2e8b8') in 0.018409 seconds 
